[2026-07-20 13:50:16,486] 0  INFO GUI_LOGGER: INIT APPLICATION
[2026-07-20 13:50:16,512] 26  INFO CORE_LOGGER: START INIT Application
[2026-07-20 13:50:16,516] 30  INFO CONFIG_LOGGER: Setting default home directory: C:\Users\admin\.WoPeD-3.8.0\nets\
[2026-07-20 13:50:16,517] 31  INFO CONFIG_LOGGER: Loading configuration from: C:\Users\admin\.WoPeD-3.8.0\WoPeDconfig.xml.
[2026-07-20 13:50:16,711] 225  INFO CONFIG_LOGGER: Setting Locale to en_US
[2026-07-20 13:50:16,715] 229  INFO CONFIG_LOGGER: Setting home directory: C:\Users\admin\.WoPeD-3.8.0\nets\
[2026-07-20 13:50:16,715] 229  INFO CONFIG_LOGGER: Setting current working directory: C:\Users\admin\Desktop\New folder (3)
[2026-07-20 13:50:16,731] 245  INFO CONFIG_LOGGER: Configuration successfully loaded.
[2026-07-20 13:50:16,741] 255  WARN CONFIG_LOGGER: Configuration file not found: C:\Users\admin\.WoPeD-3.8.0\WoPeDmetrics.xml. Using built-in settings.
[2026-07-20 13:50:16,757] 271  INFO CONFIG_LOGGER: Configuration successfully loaded.
[2026-07-20 13:50:16,783] 297  INFO CORE_LOGGER: Look-And-Feel set to com.sun.java.swing.plaf.windows.WindowsLookAndFeel
[2026-07-20 13:50:17,201] 715  INFO GUI_LOGGER: END  INIT Application
[2026-07-20 13:50:17,525] 1039 DEBUG QUALANALYSIS_LOGGER: -> init() org.woped.qualanalysis.coverabilitygraph.gui.CoverabilityGraphFrameController
[2026-07-20 13:50:17,533] 1047 DEBUG QUALANALYSIS_LOGGER: <- init() org.woped.qualanalysis.coverabilitygraph.gui.CoverabilityGraphFrameController
[2026-07-20 13:50:17,579] 1093 DEBUG FILE_LOGGER: ##### START PNML Version (1.3.2) IMPORT #####
[2026-07-20 13:50:17,771] 1285 DEBUG QUALANALYSIS_LOGGER: PT Handle Pairs calculated. (0 ms)
[2026-07-20 13:50:17,771] 1285 DEBUG QUALANALYSIS_LOGGER: TP Handle Pairs calculated. (8 ms)
[2026-07-20 13:50:18,002] 1516 DEBUG FILE_LOGGER:  ... Place (ID:p1) imported
[2026-07-20 13:50:18,002] 1516 DEBUG FILE_LOGGER:  ... Place (ID:p2) imported
[2026-07-20 13:50:18,003] 1517 DEBUG FILE_LOGGER:  ... Place (ID:p3) imported
[2026-07-20 13:50:18,003] 1517 DEBUG FILE_LOGGER:  ... Place (ID:p4) imported
[2026-07-20 13:50:18,014] 1528 DEBUG FILE_LOGGER:  ... Transition (ID:t4) imported 
[2026-07-20 13:50:18,014] 1528 DEBUG FILE_LOGGER:  ... Transition (ID:t2) imported 
[2026-07-20 13:50:18,015] 1529 DEBUG FILE_LOGGER:  ... Transition (ID:t3) imported 
[2026-07-20 13:50:18,024] 1538 DEBUG FILE_LOGGER:  ... Arc created: (ID:a3) p2 -> t2 
[2026-07-20 13:50:18,025] 1539 DEBUG FILE_LOGGER:  ... Arc created: (ID:a4) t2 -> p3 
[2026-07-20 13:50:18,025] 1539 DEBUG FILE_LOGGER:  ... Arc created: (ID:a5) p3 -> t3 
[2026-07-20 13:50:18,025] 1539 DEBUG FILE_LOGGER:  ... Arc created: (ID:a15) p1 -> t4 
[2026-07-20 13:50:18,026] 1540 DEBUG FILE_LOGGER:  ... Arc created: (ID:a6) t3 -> p4 
[2026-07-20 13:50:18,026] 1540 DEBUG FILE_LOGGER:  ... Arc created: (ID:a16) t4 -> p2 
[2026-07-20 13:50:18,072] 1586 DEBUG EDITOR_LOGGER: Net updated. (1 ms)
[2026-07-20 13:50:18,076] 1590 DEBUG EDITOR_LOGGER: Net updated. (3 ms)
[2026-07-20 13:50:18,076] 1590 DEBUG FILE_LOGGER: ##### END PNML IMPORT Version (1.3.2) ##### (496 ms)
[2026-07-20 13:50:18,079] 1593  INFO CONFIG_LOGGER: Setting current working directory: C:\workspace\bpdi\docs
[2026-07-20 13:50:18,079] 1593  INFO FILE_LOGGER: Petrinet loaded from file: C:\workspace\bpdi\docs\0306_1_task_composition_asis.pnml
[2026-07-20 13:51:24,272] 67786 DEBUG TRANSLATIONS_LOGGER: Resource not found: QuantAna.Simulation.TooTip.Details
[2026-07-20 13:51:35,548] 79062  INFO QUANTANA_LOGGER: Simulation started...
[2026-07-20 13:58:20,759] 484273  INFO CONFIG_LOGGER: Configuration successfully saved to: C:\Users\admin\.WoPeD-3.8.0\WoPeDconfig.xml
[2026-07-20 13:58:20,759] 484273  INFO GUI_LOGGER: EXIT WoPeD
[2026-07-20 13:58:31,833] 0  INFO GUI_LOGGER: INIT APPLICATION
[2026-07-20 13:58:31,857] 24  INFO CORE_LOGGER: START INIT Application
[2026-07-20 13:58:31,862] 29  INFO CONFIG_LOGGER: Setting default home directory: C:\Users\admin\.WoPeD-3.8.0\nets\
[2026-07-20 13:58:31,862] 29  INFO CONFIG_LOGGER: Loading configuration from: C:\Users\admin\.WoPeD-3.8.0\WoPeDconfig.xml.
[2026-07-20 13:58:32,066] 233  INFO CONFIG_LOGGER: Setting Locale to en_US
[2026-07-20 13:58:32,069] 236  INFO CONFIG_LOGGER: Setting home directory: C:\Users\admin\.WoPeD-3.8.0\nets\
[2026-07-20 13:58:32,069] 236  INFO CONFIG_LOGGER: Setting current working directory: C:\workspace\bpdi\docs
[2026-07-20 13:58:32,085] 252  INFO CONFIG_LOGGER: Configuration successfully loaded.
[2026-07-20 13:58:32,093] 260  WARN CONFIG_LOGGER: Configuration file not found: C:\Users\admin\.WoPeD-3.8.0\WoPeDmetrics.xml. Using built-in settings.
[2026-07-20 13:58:32,113] 280  INFO CONFIG_LOGGER: Configuration successfully loaded.
[2026-07-20 13:58:32,142] 309  INFO CORE_LOGGER: Look-And-Feel set to com.sun.java.swing.plaf.windows.WindowsLookAndFeel
[2026-07-20 13:58:32,505] 672  INFO GUI_LOGGER: END  INIT Application
[2026-07-20 13:58:32,712] 879 DEBUG QUALANALYSIS_LOGGER: -> init() org.woped.qualanalysis.coverabilitygraph.gui.CoverabilityGraphFrameController
[2026-07-20 13:58:32,722] 889 DEBUG QUALANALYSIS_LOGGER: <- init() org.woped.qualanalysis.coverabilitygraph.gui.CoverabilityGraphFrameController
[2026-07-20 13:58:32,770] 937 DEBUG FILE_LOGGER: ##### START PNML Version (1.3.2) IMPORT #####
[2026-07-20 13:58:32,935] 1102 DEBUG QUALANALYSIS_LOGGER: PT Handle Pairs calculated. (0 ms)
[2026-07-20 13:58:32,936] 1103 DEBUG QUALANALYSIS_LOGGER: TP Handle Pairs calculated. (9 ms)
[2026-07-20 13:58:33,118] 1285 DEBUG FILE_LOGGER:  ... Place (ID:p1) imported
[2026-07-20 13:58:33,119] 1286 DEBUG FILE_LOGGER:  ... Place (ID:p2) imported
[2026-07-20 13:58:33,119] 1286 DEBUG FILE_LOGGER:  ... Place (ID:p4) imported
[2026-07-20 13:58:33,127] 1294 DEBUG FILE_LOGGER:  ... Transition (ID:t4) imported 
[2026-07-20 13:58:33,127] 1294 DEBUG FILE_LOGGER:  ... Transition (ID:t2) imported 
[2026-07-20 13:58:33,135] 1302 DEBUG FILE_LOGGER:  ... Arc created: (ID:a1) t2 -> p4 
[2026-07-20 13:58:33,135] 1302 DEBUG FILE_LOGGER:  ... Arc created: (ID:a3) p2 -> t2 
[2026-07-20 13:58:33,135] 1302 DEBUG FILE_LOGGER:  ... Arc created: (ID:a15) p1 -> t4 
[2026-07-20 13:58:33,136] 1303 DEBUG FILE_LOGGER:  ... Arc created: (ID:a16) t4 -> p2 
[2026-07-20 13:58:33,171] 1338 DEBUG EDITOR_LOGGER: Net updated. (1 ms)
[2026-07-20 13:58:33,173] 1340 DEBUG EDITOR_LOGGER: Net updated. (1 ms)
[2026-07-20 13:58:33,173] 1340 DEBUG FILE_LOGGER: ##### END PNML IMPORT Version (1.3.2) ##### (402 ms)
[2026-07-20 13:58:33,176] 1343  INFO CONFIG_LOGGER: Setting current working directory: C:\workspace\bpdi\docs
[2026-07-20 13:58:33,176] 1343  INFO FILE_LOGGER: Petrinet loaded from file: C:\workspace\bpdi\docs\0306_1_task_composition_tobe.pnml
[2026-07-20 13:59:00,204] 28371 DEBUG TRANSLATIONS_LOGGER: Resource not found: QuantAna.Simulation.TooTip.Details
[2026-07-20 13:59:02,981] 31148  INFO QUANTANA_LOGGER: Simulation started...
